<?xml version="1.0" encoding="UTF-8"?>
<testng-results ignored="0" total="2" passed="2" failed="0" skipped="0">
  <reporter-output>
  </reporter-output>
  <suite started-at="2021-03-11T17:59:38 PST" name="Default suite" finished-at="2021-03-11T17:59:38 PST" duration-ms="144">
    <groups>
    </groups>
    <test started-at="2021-03-11T17:59:38 PST" name="Default test" finished-at="2021-03-11T17:59:38 PST" duration-ms="144">
      <class name="qaclickacademy.SeleniumTest">
        <test-method signature="BrowserAUtomation()[pri:0, instance:qaclickacademy.SeleniumTest@a4102b8]" started-at="2021-03-11T17:59:38 PST" name="BrowserAUtomation" finished-at="2021-03-11T17:59:38 PST" duration-ms="17" status="PASS">
          <reporter-output>
          </reporter-output>
        </test-method> <!-- BrowserAUtomation -->
        <test-method signature="elementsUi()[pri:0, instance:qaclickacademy.SeleniumTest@a4102b8]" started-at="2021-03-11T17:59:38 PST" name="elementsUi" finished-at="2021-03-11T17:59:38 PST" duration-ms="4" status="PASS">
          <reporter-output>
          </reporter-output>
        </test-method> <!-- elementsUi -->
      </class> <!-- qaclickacademy.SeleniumTest -->
    </test> <!-- Default test -->
  </suite> <!-- Default suite -->
</testng-results>
