<?xml version="1.0" encoding="UTF-8"?>
<!-- Generated by org.testng.reporters.JUnitXMLReporter -->
<testsuite ignored="0" hostname="neha" failures="0" tests="4" name="Default test" time="0.122" errors="0" timestamp="2021-02-21T20:07:55 PST">
  <testcase classname="test1" name="regular" time="0.026"/>
  <testcase classname="test1" name="streamFilter" time="0.007"/>
  <testcase classname="test1" name="streamMap" time="0.014"/>
  <testcase classname="test1" name="streamcollect" time="0.005"/>
</testsuite> <!-- Default test -->
