<?xml version="1.0" encoding="UTF-8"?>
<testng-results ignored="0" total="4" passed="4" failed="0" skipped="0">
  <reporter-output>
  </reporter-output>
  <suite started-at="2021-02-21T20:07:55 PST" name="Default suite" finished-at="2021-02-21T20:07:55 PST" duration-ms="122">
    <groups>
    </groups>
    <test started-at="2021-02-21T20:07:55 PST" name="Default test" finished-at="2021-02-21T20:07:55 PST" duration-ms="122">
      <class name="test1">
        <test-method signature="regular()[pri:0, instance:test1@78047b92]" started-at="2021-02-21T20:07:55 PST" name="regular" finished-at="2021-02-21T20:07:55 PST" duration-ms="26" status="PASS">
          <reporter-output>
          </reporter-output>
        </test-method> <!-- regular -->
        <test-method signature="streamFilter()[pri:0, instance:test1@78047b92]" started-at="2021-02-21T20:07:55 PST" name="streamFilter" finished-at="2021-02-21T20:07:55 PST" duration-ms="7" status="PASS">
          <reporter-output>
          </reporter-output>
        </test-method> <!-- streamFilter -->
        <test-method signature="streamMap()[pri:0, instance:test1@78047b92]" started-at="2021-02-21T20:07:55 PST" name="streamMap" finished-at="2021-02-21T20:07:55 PST" duration-ms="14" status="PASS">
          <reporter-output>
          </reporter-output>
        </test-method> <!-- streamMap -->
        <test-method signature="streamcollect()[pri:0, instance:test1@78047b92]" started-at="2021-02-21T20:07:55 PST" name="streamcollect" finished-at="2021-02-21T20:07:55 PST" duration-ms="5" status="PASS">
          <reporter-output>
          </reporter-output>
        </test-method> <!-- streamcollect -->
      </class> <!-- test1 -->
    </test> <!-- Default test -->
  </suite> <!-- Default suite -->
</testng-results>
